<?xml version="1.0" encoding="UTF-8"?>
<testsuite name="com.ait.phonebook.tests.AddNewContactTests" tests="1" skipped="0" failures="0" errors="0" timestamp="2023-12-06T23:30:58" hostname="DESKTOP-4UAQQMP" time="1.785">
  <properties/>
  <testcase name="addNewContactPositivTest" classname="com.ait.phonebook.tests.AddNewContactTests" time="1.785"/>
  <system-out><![CDATA[]]></system-out>
  <system-err><![CDATA[]]></system-err>
</testsuite>
