<?xml version="1.0" encoding="UTF-8"?>
<testsuite name="com.ait.phonebook.tests.HomePageTests" tests="1" skipped="0" failures="0" errors="0" timestamp="2023-12-06T23:31:20" hostname="DESKTOP-4UAQQMP" time="0.007">
  <properties/>
  <testcase name="isHomeComponentPresentTest" classname="com.ait.phonebook.tests.HomePageTests" time="0.007"/>
  <system-out><![CDATA[]]></system-out>
  <system-err><![CDATA[]]></system-err>
</testsuite>
