<?xml version="1.0" encoding="UTF-8"?>
<testsuite name="com.ait.phonebook.tests.CreateNewAccountTests" tests="1" skipped="0" failures="0" errors="0" timestamp="2023-12-06T23:31:10" hostname="DESKTOP-4UAQQMP" time="0.794">
  <properties/>
  <testcase name="registerExistedUserNegativeTest" classname="com.ait.phonebook.tests.CreateNewAccountTests" time="0.794"/>
  <system-out><![CDATA[]]></system-out>
  <system-err><![CDATA[]]></system-err>
</testsuite>
