<?xml version="1.0" encoding="UTF-8"?>
<testsuite name="com.ait.phonebook.tests.LoginTests" tests="2" skipped="0" failures="0" errors="0" timestamp="2023-12-06T23:31:20" hostname="DESKTOP-4UAQQMP" time="1.177">
  <properties/>
  <testcase name="loginRegisteredUserNegativeTestWithoutEmail" classname="com.ait.phonebook.tests.LoginTests" time="0.662"/>
  <testcase name="loginRegisteredUserPositiveTest" classname="com.ait.phonebook.tests.LoginTests" time="0.505"/>
  <system-out><![CDATA[]]></system-out>
  <system-err><![CDATA[]]></system-err>
</testsuite>
